Using pre-set license
Built from '2021.3/china_unity/release' branch; Version is '2021.3.10f1c2 (5a059dbcdda5) revision 5899677'; Using compiler version '192829333'; Build Type 'Release'
OS: 'Windows 10  (10.0.19045) 64bit CoreCountrySpecific' Language: 'zh' Physical Memory: 24389 MB
BatchMode: 1, IsHumanControllingUs: 0, StartBugReporterOnCrash: 0, Is64bit: 1, IsPro: 1

COMMAND LINE ARGUMENTS:
D:\Program Files\Unity\2021.3.10f1c2\Editor\Unity.exe
-adb2
-batchMode
-noUpm
-name
AssetImportWorker0
-projectPath
G:/0-YJS/Projects/ShaderURP/ShaderURP
-logFile
Logs/AssetImportWorker0.log
-srvPort
3368
Successfully changed project path to: G:/0-YJS/Projects/ShaderURP/ShaderURP
G:/0-YJS/Projects/ShaderURP/ShaderURP
[UnityMemory] Configuration Parameters - Can be set up in boot.config
    "memorysetup-bucket-allocator-granularity=16"
    "memorysetup-bucket-allocator-bucket-count=8"
    "memorysetup-bucket-allocator-block-size=33554432"
    "memorysetup-bucket-allocator-block-count=8"
    "memorysetup-main-allocator-block-size=16777216"
    "memorysetup-thread-allocator-block-size=16777216"
    "memorysetup-gfx-main-allocator-block-size=16777216"
    "memorysetup-gfx-thread-allocator-block-size=16777216"
    "memorysetup-cache-allocator-block-size=4194304"
    "memorysetup-typetree-allocator-block-size=2097152"
    "memorysetup-profiler-bucket-allocator-granularity=16"
    "memorysetup-profiler-bucket-allocator-bucket-count=8"
    "memorysetup-profiler-bucket-allocator-block-size=33554432"
    "memorysetup-profiler-bucket-allocator-block-count=8"
    "memorysetup-profiler-allocator-block-size=16777216"
    "memorysetup-profiler-editor-allocator-block-size=1048576"
    "memorysetup-temp-allocator-size-main=16777216"
    "memorysetup-job-temp-allocator-block-size=2097152"
    "memorysetup-job-temp-allocator-block-size-background=1048576"
    "memorysetup-job-temp-allocator-reduction-small-platforms=262144"
    "memorysetup-temp-allocator-size-background-worker=32768"
    "memorysetup-temp-allocator-size-job-worker=262144"
    "memorysetup-temp-allocator-size-preload-manager=33554432"
    "memorysetup-temp-allocator-size-nav-mesh-worker=65536"
    "memorysetup-temp-allocator-size-audio-worker=65536"
    "memorysetup-temp-allocator-size-cloud-worker=32768"
    "memorysetup-temp-allocator-size-gi-baking-worker=262144"
    "memorysetup-temp-allocator-size-gfx=262144"
AS: AutoStreaming module initializing.
Refreshing native plugins compatible for Editor in 139.93 ms, found 3 plugins.
Preloading 0 native plugins for Editor in 0.00 ms.
Initialize engine version: 2021.3.10f1c2 (5a059dbcdda5)
[Subsystems] Discovering subsystems at path D:/Program Files/Unity/2021.3.10f1c2/Editor/Data/Resources/UnitySubsystems
[Subsystems] Discovering subsystems at path G:/0-YJS/Projects/ShaderURP/ShaderURP/Assets
GfxDevice: creating device client; threaded=0; jobified=0
Direct3D:
    Version:  Direct3D 11.0 [level 11.1]
    Renderer: NVIDIA GeForce RTX 2060 (ID=0x1f03)
    Vendor:   NVIDIA
    VRAM:     12061 MB
    Driver:   31.0.15.5123
Initialize mono
Mono path[0] = 'D:/Program Files/Unity/2021.3.10f1c2/Editor/Data/Managed'
Mono path[1] = 'D:/Program Files/Unity/2021.3.10f1c2/Editor/Data/MonoBleedingEdge/lib/mono/unityjit-win32'
Mono config path = 'D:/Program Files/Unity/2021.3.10f1c2/Editor/Data/MonoBleedingEdge/etc'
Using monoOptions --debugger-agent=transport=dt_socket,embedding=1,server=y,suspend=n,address=127.0.0.1:56968
Begin MonoManager ReloadAssembly
Registering precompiled unity dll's ...
Register platform support module: D:/Program Files/Unity/2021.3.10f1c2/Editor/Data/PlaybackEngines/AndroidPlayer/UnityEditor.Android.Extensions.dll
Register platform support module: D:/Program Files/Unity/2021.3.10f1c2/Editor/Data/PlaybackEngines/iOSSupport/UnityEditor.iOS.Extensions.dll
Register platform support module: D:/Program Files/Unity/2021.3.10f1c2/Editor/Data/PlaybackEngines/WindowsStandaloneSupport/UnityEditor.WindowsStandalone.Extensions.dll
Register platform support module: D:/Program Files/Unity/2021.3.10f1c2/Editor/Data/PlaybackEngines/LinuxStandaloneSupport/UnityEditor.LinuxStandalone.Extensions.dll
Registered in 0.006445 seconds.
Native extension for LinuxStandalone target not found
Native extension for WindowsStandalone target not found
[usbmuxd] Start listen thread
[usbmuxd] Listen thread started
Native extension for iOS target not found
Native extension for Android target not found
Refreshing native plugins compatible for Editor in 135.41 ms, found 3 plugins.
Preloading 0 native plugins for Editor in 0.00 ms.
Mono: successfully reloaded assembly
- Completed reload, in  0.780 seconds
Domain Reload Profiling:
	ReloadAssembly (780ms)
		BeginReloadAssembly (82ms)
			ExecutionOrderSort (0ms)
			DisableScriptedObjects (0ms)
			BackupInstance (0ms)
			ReleaseScriptingObjects (0ms)
			CreateAndSetChildDomain (1ms)
		EndReloadAssembly (574ms)
			LoadAssemblies (80ms)
			RebuildTransferFunctionScriptingTraits (0ms)
			SetupTypeCache (114ms)
			ReleaseScriptCaches (0ms)
			RebuildScriptCaches (32ms)
			SetupLoadedEditorAssemblies (365ms)
				LogAssemblyErrors (0ms)
				InitializePlatformSupportModulesInManaged (70ms)
				SetLoadedEditorAssemblies (0ms)
				RefreshPlugins (136ms)
				BeforeProcessingInitializeOnLoad (2ms)
				ProcessInitializeOnLoadAttributes (102ms)
				ProcessInitializeOnLoadMethodAttributes (56ms)
				AfterProcessingInitializeOnLoad (0ms)
				EditorAssembliesLoaded (0ms)
			ExecutionOrderSort2 (0ms)
			AwakeInstancesAfterBackupRestoration (0ms)
Platform modules already initialized, skipping
Registering precompiled user dll's ...
Registered in 0.012351 seconds.
Begin MonoManager ReloadAssembly
Symbol file LoadedFromMemory doesn't match image G:\0-YJS\Projects\ShaderURP\ShaderURP\Library\PackageCache\com.unity.visualscripting@1.7.8\Editor\VisualScripting.Core\Dependencies\YamlDotNet\Unity.VisualScripting.YamlDotNet.dll
Symbol file LoadedFromMemory doesn't match image G:\0-YJS\Projects\ShaderURP\ShaderURP\Library\PackageCache\com.unity.visualscripting@1.7.8\Editor\VisualScripting.Core\Dependencies\DotNetZip\Unity.VisualScripting.IonicZip.dll
Native extension for LinuxStandalone target not found
Native extension for WindowsStandalone target not found
Native extension for iOS target not found
Native extension for Android target not found
Refreshing native plugins compatible for Editor in 176.00 ms, found 3 plugins.
Preloading 0 native plugins for Editor in 0.00 ms.
Mono: successfully reloaded assembly
- Completed reload, in  1.825 seconds
Domain Reload Profiling:
	ReloadAssembly (1826ms)
		BeginReloadAssembly (238ms)
			ExecutionOrderSort (0ms)
			DisableScriptedObjects (7ms)
			BackupInstance (0ms)
			ReleaseScriptingObjects (0ms)
			CreateAndSetChildDomain (123ms)
		EndReloadAssembly (1453ms)
			LoadAssemblies (113ms)
			RebuildTransferFunctionScriptingTraits (0ms)
			SetupTypeCache (336ms)
			ReleaseScriptCaches (1ms)
			RebuildScriptCaches (123ms)
			SetupLoadedEditorAssemblies (818ms)
				LogAssemblyErrors (0ms)
				InitializePlatformSupportModulesInManaged (34ms)
				SetLoadedEditorAssemblies (0ms)
				RefreshPlugins (176ms)
				BeforeProcessingInitializeOnLoad (145ms)
				ProcessInitializeOnLoadAttributes (343ms)
				ProcessInitializeOnLoadMethodAttributes (108ms)
				AfterProcessingInitializeOnLoad (10ms)
				EditorAssembliesLoaded (0ms)
			ExecutionOrderSort2 (0ms)
			AwakeInstancesAfterBackupRestoration (7ms)
Platform modules already initialized, skipping
========================================================================
Worker process is ready to serve import requests
Launched and connected shader compiler UnityShaderCompiler.exe after 0.03 seconds
Refreshing native plugins compatible for Editor in 1.03 ms, found 3 plugins.
Preloading 0 native plugins for Editor in 0.00 ms.
Unloading 5758 Unused Serialized files (Serialized files now loaded: 0)
Unloading 44 unused Assets / (1.7 MB). Loaded Objects now: 6207.
Memory consumption went from 266.3 MB to 264.6 MB.
Total: 4.619600 ms (FindLiveObjects: 0.755000 ms CreateObjectMapping: 0.236300 ms MarkObjects: 2.997700 ms  DeleteObjects: 0.629600 ms)

AssetImportParameters requested are different than current active one (requested -> active):
  custom:video-decoder-ogg-theora: a1e56fd34408186e4bbccfd4996cb3dc -> 
  custom:container-muxer-webm: aa71ff27fc2769a1b78a27578f13a17b -> 
  custom:container-demuxer-webm: 4f35f7cbe854078d1ac9338744f61a02 -> 
  custom:video-encoder-webm-vp8: eb34c28f22e8b96e1ab97ce403110664 -> 
  custom:audio-encoder-webm-vorbis: bf7c407c2cedff20999df2af8eb42d56 -> 
  custom:framework-win-MediaFoundation: 216162199b28c13a410421893ffa2e32 -> 
  custom:container-demuxer-ogg: 62fdf1f143b41e24485cea50d1cbac27 -> 
  custom:video-decoder-webm-vp8: 9c59270c3fd7afecdb556c50c9e8de78 -> 
  custom:audio-decoder-ogg-vorbis: bf7c407c2cedff20999df2af8eb42d56 -> 
========================================================================
Received Import Request.
  Time since last request: 5294.985966 seconds.
  path: Assets/Example/Cartoon/Cartoon.shader
  artifactKey: Guid(33f83d5b685865542969d6ec80eaa3ed) Importer(815301076,1909f56bfc062723c751e8b465ee728b)
Start importing Assets/Example/Cartoon/Cartoon.shader using Guid(33f83d5b685865542969d6ec80eaa3ed) Importer(815301076,1909f56bfc062723c751e8b465ee728b)  -> (artifact id: 'c67417aada56e3a23e6abd6d167c4478') in 0.039303 seconds 
========================================================================
Received Import Request.
  Time since last request: 21.900170 seconds.
  path: Assets/Example/Cartoon/Cartoon.shader
  artifactKey: Guid(33f83d5b685865542969d6ec80eaa3ed) Importer(815301076,1909f56bfc062723c751e8b465ee728b)
Start importing Assets/Example/Cartoon/Cartoon.shader using Guid(33f83d5b685865542969d6ec80eaa3ed) Importer(815301076,1909f56bfc062723c751e8b465ee728b)  -> (artifact id: '759c262e6257f991e491128b477948da') in 0.001909 seconds 
========================================================================
Received Import Request.
  Time since last request: 74.142159 seconds.
  path: Assets/Example/DepthDecal/DepthDecal.mat
  artifactKey: Guid(b719dc08becd02748b5b37b71884d72b) Importer(815301076,1909f56bfc062723c751e8b465ee728b)
Start importing Assets/Example/DepthDecal/DepthDecal.mat using Guid(b719dc08becd02748b5b37b71884d72b) Importer(815301076,1909f56bfc062723c751e8b465ee728b)  -> (artifact id: '64567541dc07792a79a1eb6a56427aa6') in 0.287857 seconds 
========================================================================
Received Import Request.
  Time since last request: 20.439108 seconds.
  path: Assets/Example/Water/WaterColor.cs
  artifactKey: Guid(8ef7591b99b6b3a42b536315081857a8) Importer(815301076,1909f56bfc062723c751e8b465ee728b)
Start importing Assets/Example/Water/WaterColor.cs using Guid(8ef7591b99b6b3a42b536315081857a8) Importer(815301076,1909f56bfc062723c751e8b465ee728b)  -> (artifact id: '5fc813236420d51df554de181c1a8a61') in 0.008493 seconds 
========================================================================
Received Prepare
Registering precompiled user dll's ...
Registered in 0.013335 seconds.
Begin MonoManager ReloadAssembly
Symbol file LoadedFromMemory doesn't match image G:\0-YJS\Projects\ShaderURP\ShaderURP\Library\PackageCache\com.unity.visualscripting@1.7.8\Editor\VisualScripting.Core\Dependencies\YamlDotNet\Unity.VisualScripting.YamlDotNet.dll
Symbol file LoadedFromMemory doesn't match image G:\0-YJS\Projects\ShaderURP\ShaderURP\Library\PackageCache\com.unity.visualscripting@1.7.8\Editor\VisualScripting.Core\Dependencies\DotNetZip\Unity.VisualScripting.IonicZip.dll
Native extension for LinuxStandalone target not found
Native extension for WindowsStandalone target not found
Native extension for iOS target not found
Native extension for Android target not found
Refreshing native plugins compatible for Editor in 1.10 ms, found 3 plugins.
Preloading 0 native plugins for Editor in 0.00 ms.
Mono: successfully reloaded assembly
- Completed reload, in  1.329 seconds
Domain Reload Profiling:
	ReloadAssembly (1329ms)
		BeginReloadAssembly (167ms)
			ExecutionOrderSort (0ms)
			DisableScriptedObjects (8ms)
			BackupInstance (0ms)
			ReleaseScriptingObjects (0ms)
			CreateAndSetChildDomain (45ms)
		EndReloadAssembly (1051ms)
			LoadAssemblies (107ms)
			RebuildTransferFunctionScriptingTraits (0ms)
			SetupTypeCache (275ms)
			ReleaseScriptCaches (2ms)
			RebuildScriptCaches (83ms)
			SetupLoadedEditorAssemblies (494ms)
				LogAssemblyErrors (0ms)
				InitializePlatformSupportModulesInManaged (37ms)
				SetLoadedEditorAssemblies (1ms)
				RefreshPlugins (1ms)
				BeforeProcessingInitializeOnLoad (104ms)
				ProcessInitializeOnLoadAttributes (249ms)
				ProcessInitializeOnLoadMethodAttributes (92ms)
				AfterProcessingInitializeOnLoad (10ms)
				EditorAssembliesLoaded (0ms)
			ExecutionOrderSort2 (0ms)
			AwakeInstancesAfterBackupRestoration (20ms)
Platform modules already initialized, skipping
Refreshing native plugins compatible for Editor in 2.89 ms, found 3 plugins.
Preloading 0 native plugins for Editor in 0.00 ms.
Unloading 5418 Unused Serialized files (Serialized files now loaded: 0)
Unloading 37 unused Assets / (1.7 MB). Loaded Objects now: 6299.
Memory consumption went from 242.2 MB to 240.5 MB.
Total: 4.290500 ms (FindLiveObjects: 0.635200 ms CreateObjectMapping: 0.212100 ms MarkObjects: 2.822900 ms  DeleteObjects: 0.618900 ms)

AssetImportParameters requested are different than current active one (requested -> active):
  custom:video-decoder-ogg-theora: a1e56fd34408186e4bbccfd4996cb3dc -> 
  custom:container-muxer-webm: aa71ff27fc2769a1b78a27578f13a17b -> 
  custom:container-demuxer-webm: 4f35f7cbe854078d1ac9338744f61a02 -> 
  custom:video-encoder-webm-vp8: eb34c28f22e8b96e1ab97ce403110664 -> 
  custom:audio-encoder-webm-vorbis: bf7c407c2cedff20999df2af8eb42d56 -> 
  custom:framework-win-MediaFoundation: 216162199b28c13a410421893ffa2e32 -> 
  custom:container-demuxer-ogg: 62fdf1f143b41e24485cea50d1cbac27 -> 
  custom:video-decoder-webm-vp8: 9c59270c3fd7afecdb556c50c9e8de78 -> 
  custom:audio-decoder-ogg-vorbis: bf7c407c2cedff20999df2af8eb42d56 -> 
========================================================================
Received Import Request.
  Time since last request: 120.772167 seconds.
  path: Assets/Example/Cartoon/CartoonStencil.cs
  artifactKey: Guid(dab9854318501c147ad6b1877d79a148) Importer(815301076,1909f56bfc062723c751e8b465ee728b)
Start importing Assets/Example/Cartoon/CartoonStencil.cs using Guid(dab9854318501c147ad6b1877d79a148) Importer(815301076,1909f56bfc062723c751e8b465ee728b)  -> (artifact id: '4bb80546983b1bdba47d8faa4b933c77') in 0.009244 seconds 
========================================================================
Received Import Request.
  Time since last request: 4.174234 seconds.
  path: Assets/Example/Cartoon/Cartoon.cs
  artifactKey: Guid(dab9854318501c147ad6b1877d79a148) Importer(815301076,1909f56bfc062723c751e8b465ee728b)
Start importing Assets/Example/Cartoon/Cartoon.cs using Guid(dab9854318501c147ad6b1877d79a148) Importer(815301076,1909f56bfc062723c751e8b465ee728b)  -> (artifact id: 'bc295bfe825bcd07f8c447621ab0fc3a') in 0.001726 seconds 
========================================================================
Received Prepare
Registering precompiled user dll's ...
Registered in 0.011782 seconds.
Begin MonoManager ReloadAssembly
Symbol file LoadedFromMemory doesn't match image G:\0-YJS\Projects\ShaderURP\ShaderURP\Library\PackageCache\com.unity.visualscripting@1.7.8\Editor\VisualScripting.Core\Dependencies\YamlDotNet\Unity.VisualScripting.YamlDotNet.dll
Symbol file LoadedFromMemory doesn't match image G:\0-YJS\Projects\ShaderURP\ShaderURP\Library\PackageCache\com.unity.visualscripting@1.7.8\Editor\VisualScripting.Core\Dependencies\DotNetZip\Unity.VisualScripting.IonicZip.dll
Native extension for LinuxStandalone target not found
Native extension for WindowsStandalone target not found
Native extension for iOS target not found
Native extension for Android target not found
Refreshing native plugins compatible for Editor in 1.40 ms, found 3 plugins.
Preloading 0 native plugins for Editor in 0.00 ms.
Mono: successfully reloaded assembly
- Completed reload, in  1.317 seconds
Domain Reload Profiling:
	ReloadAssembly (1318ms)
		BeginReloadAssembly (153ms)
			ExecutionOrderSort (0ms)
			DisableScriptedObjects (6ms)
			BackupInstance (0ms)
			ReleaseScriptingObjects (0ms)
			CreateAndSetChildDomain (41ms)
		EndReloadAssembly (1051ms)
			LoadAssemblies (111ms)
			RebuildTransferFunctionScriptingTraits (0ms)
			SetupTypeCache (269ms)
			ReleaseScriptCaches (2ms)
			RebuildScriptCaches (84ms)
			SetupLoadedEditorAssemblies (492ms)
				LogAssemblyErrors (0ms)
				InitializePlatformSupportModulesInManaged (36ms)
				SetLoadedEditorAssemblies (1ms)
				RefreshPlugins (2ms)
				BeforeProcessingInitializeOnLoad (103ms)
				ProcessInitializeOnLoadAttributes (249ms)
				ProcessInitializeOnLoadMethodAttributes (91ms)
				AfterProcessingInitializeOnLoad (11ms)
				EditorAssembliesLoaded (0ms)
			ExecutionOrderSort2 (0ms)
			AwakeInstancesAfterBackupRestoration (21ms)
Platform modules already initialized, skipping
Refreshing native plugins compatible for Editor in 2.78 ms, found 3 plugins.
Preloading 0 native plugins for Editor in 0.00 ms.
Unloading 5419 Unused Serialized files (Serialized files now loaded: 0)
Unloading 37 unused Assets / (1.7 MB). Loaded Objects now: 6302.
Memory consumption went from 242.4 MB to 240.7 MB.
Total: 5.205200 ms (FindLiveObjects: 1.392100 ms CreateObjectMapping: 0.215200 ms MarkObjects: 2.954300 ms  DeleteObjects: 0.641800 ms)

AssetImportParameters requested are different than current active one (requested -> active):
  custom:video-decoder-ogg-theora: a1e56fd34408186e4bbccfd4996cb3dc -> 
  custom:container-muxer-webm: aa71ff27fc2769a1b78a27578f13a17b -> 
  custom:container-demuxer-webm: 4f35f7cbe854078d1ac9338744f61a02 -> 
  custom:video-encoder-webm-vp8: eb34c28f22e8b96e1ab97ce403110664 -> 
  custom:audio-encoder-webm-vorbis: bf7c407c2cedff20999df2af8eb42d56 -> 
  custom:framework-win-MediaFoundation: 216162199b28c13a410421893ffa2e32 -> 
  custom:container-demuxer-ogg: 62fdf1f143b41e24485cea50d1cbac27 -> 
  custom:video-decoder-webm-vp8: 9c59270c3fd7afecdb556c50c9e8de78 -> 
  custom:audio-decoder-ogg-vorbis: bf7c407c2cedff20999df2af8eb42d56 -> 
========================================================================
Received Prepare
Registering precompiled user dll's ...
Registered in 0.014147 seconds.
Begin MonoManager ReloadAssembly
Symbol file LoadedFromMemory doesn't match image G:\0-YJS\Projects\ShaderURP\ShaderURP\Library\PackageCache\com.unity.visualscripting@1.7.8\Editor\VisualScripting.Core\Dependencies\YamlDotNet\Unity.VisualScripting.YamlDotNet.dll
Symbol file LoadedFromMemory doesn't match image G:\0-YJS\Projects\ShaderURP\ShaderURP\Library\PackageCache\com.unity.visualscripting@1.7.8\Editor\VisualScripting.Core\Dependencies\DotNetZip\Unity.VisualScripting.IonicZip.dll
Native extension for LinuxStandalone target not found
Native extension for WindowsStandalone target not found
Native extension for iOS target not found
Native extension for Android target not found
Refreshing native plugins compatible for Editor in 1.01 ms, found 3 plugins.
Preloading 0 native plugins for Editor in 0.00 ms.
Mono: successfully reloaded assembly
- Completed reload, in  1.371 seconds
Domain Reload Profiling:
	ReloadAssembly (1372ms)
		BeginReloadAssembly (160ms)
			ExecutionOrderSort (0ms)
			DisableScriptedObjects (6ms)
			BackupInstance (0ms)
			ReleaseScriptingObjects (0ms)
			CreateAndSetChildDomain (46ms)
		EndReloadAssembly (1097ms)
			LoadAssemblies (114ms)
			RebuildTransferFunctionScriptingTraits (0ms)
			SetupTypeCache (285ms)
			ReleaseScriptCaches (2ms)
			RebuildScriptCaches (88ms)
			SetupLoadedEditorAssemblies (511ms)
				LogAssemblyErrors (0ms)
				InitializePlatformSupportModulesInManaged (38ms)
				SetLoadedEditorAssemblies (1ms)
				RefreshPlugins (1ms)
				BeforeProcessingInitializeOnLoad (109ms)
				ProcessInitializeOnLoadAttributes (258ms)
				ProcessInitializeOnLoadMethodAttributes (93ms)
				AfterProcessingInitializeOnLoad (10ms)
				EditorAssembliesLoaded (0ms)
			ExecutionOrderSort2 (0ms)
			AwakeInstancesAfterBackupRestoration (21ms)
Platform modules already initialized, skipping
Refreshing native plugins compatible for Editor in 2.95 ms, found 3 plugins.
Preloading 0 native plugins for Editor in 0.00 ms.
Unloading 5419 Unused Serialized files (Serialized files now loaded: 0)
Unloading 37 unused Assets / (1.7 MB). Loaded Objects now: 6305.
Memory consumption went from 242.4 MB to 240.7 MB.
Total: 5.033600 ms (FindLiveObjects: 0.757300 ms CreateObjectMapping: 0.228100 ms MarkObjects: 3.204000 ms  DeleteObjects: 0.842700 ms)

AssetImportParameters requested are different than current active one (requested -> active):
  custom:video-decoder-ogg-theora: a1e56fd34408186e4bbccfd4996cb3dc -> 
  custom:container-muxer-webm: aa71ff27fc2769a1b78a27578f13a17b -> 
  custom:container-demuxer-webm: 4f35f7cbe854078d1ac9338744f61a02 -> 
  custom:video-encoder-webm-vp8: eb34c28f22e8b96e1ab97ce403110664 -> 
  custom:audio-encoder-webm-vorbis: bf7c407c2cedff20999df2af8eb42d56 -> 
  custom:framework-win-MediaFoundation: 216162199b28c13a410421893ffa2e32 -> 
  custom:container-demuxer-ogg: 62fdf1f143b41e24485cea50d1cbac27 -> 
  custom:video-decoder-webm-vp8: 9c59270c3fd7afecdb556c50c9e8de78 -> 
  custom:audio-decoder-ogg-vorbis: bf7c407c2cedff20999df2af8eb42d56 -> 
========================================================================
Received Prepare
Registering precompiled user dll's ...
Registered in 0.012833 seconds.
Begin MonoManager ReloadAssembly
Symbol file LoadedFromMemory doesn't match image G:\0-YJS\Projects\ShaderURP\ShaderURP\Library\PackageCache\com.unity.visualscripting@1.7.8\Editor\VisualScripting.Core\Dependencies\YamlDotNet\Unity.VisualScripting.YamlDotNet.dll
Symbol file LoadedFromMemory doesn't match image G:\0-YJS\Projects\ShaderURP\ShaderURP\Library\PackageCache\com.unity.visualscripting@1.7.8\Editor\VisualScripting.Core\Dependencies\DotNetZip\Unity.VisualScripting.IonicZip.dll
Native extension for LinuxStandalone target not found
Native extension for WindowsStandalone target not found
Native extension for iOS target not found
Native extension for Android target not found
Refreshing native plugins compatible for Editor in 0.98 ms, found 3 plugins.
Preloading 0 native plugins for Editor in 0.00 ms.
Mono: successfully reloaded assembly
- Completed reload, in  1.359 seconds
Domain Reload Profiling:
	ReloadAssembly (1360ms)
		BeginReloadAssembly (159ms)
			ExecutionOrderSort (0ms)
			DisableScriptedObjects (7ms)
			BackupInstance (0ms)
			ReleaseScriptingObjects (0ms)
			CreateAndSetChildDomain (45ms)
		EndReloadAssembly (1087ms)
			LoadAssemblies (115ms)
			RebuildTransferFunctionScriptingTraits (0ms)
			SetupTypeCache (284ms)
			ReleaseScriptCaches (2ms)
			RebuildScriptCaches (85ms)
			SetupLoadedEditorAssemblies (507ms)
				LogAssemblyErrors (0ms)
				InitializePlatformSupportModulesInManaged (37ms)
				SetLoadedEditorAssemblies (1ms)
				RefreshPlugins (1ms)
				BeforeProcessingInitializeOnLoad (105ms)
				ProcessInitializeOnLoadAttributes (258ms)
				ProcessInitializeOnLoadMethodAttributes (94ms)
				AfterProcessingInitializeOnLoad (11ms)
				EditorAssembliesLoaded (0ms)
			ExecutionOrderSort2 (0ms)
			AwakeInstancesAfterBackupRestoration (21ms)
Platform modules already initialized, skipping
Refreshing native plugins compatible for Editor in 3.15 ms, found 3 plugins.
Preloading 0 native plugins for Editor in 0.00 ms.
Unloading 5419 Unused Serialized files (Serialized files now loaded: 0)
Unloading 37 unused Assets / (1.7 MB). Loaded Objects now: 6308.
Memory consumption went from 242.5 MB to 240.7 MB.
Total: 4.813500 ms (FindLiveObjects: 0.737700 ms CreateObjectMapping: 0.236900 ms MarkObjects: 3.054000 ms  DeleteObjects: 0.783600 ms)

AssetImportParameters requested are different than current active one (requested -> active):
  custom:video-decoder-ogg-theora: a1e56fd34408186e4bbccfd4996cb3dc -> 
  custom:container-muxer-webm: aa71ff27fc2769a1b78a27578f13a17b -> 
  custom:container-demuxer-webm: 4f35f7cbe854078d1ac9338744f61a02 -> 
  custom:video-encoder-webm-vp8: eb34c28f22e8b96e1ab97ce403110664 -> 
  custom:audio-encoder-webm-vorbis: bf7c407c2cedff20999df2af8eb42d56 -> 
  custom:framework-win-MediaFoundation: 216162199b28c13a410421893ffa2e32 -> 
  custom:container-demuxer-ogg: 62fdf1f143b41e24485cea50d1cbac27 -> 
  custom:video-decoder-webm-vp8: 9c59270c3fd7afecdb556c50c9e8de78 -> 
  custom:audio-decoder-ogg-vorbis: bf7c407c2cedff20999df2af8eb42d56 -> 
========================================================================
Received Prepare
Registering precompiled user dll's ...
Registered in 0.013330 seconds.
Begin MonoManager ReloadAssembly
Symbol file LoadedFromMemory doesn't match image G:\0-YJS\Projects\ShaderURP\ShaderURP\Library\PackageCache\com.unity.visualscripting@1.7.8\Editor\VisualScripting.Core\Dependencies\YamlDotNet\Unity.VisualScripting.YamlDotNet.dll
Symbol file LoadedFromMemory doesn't match image G:\0-YJS\Projects\ShaderURP\ShaderURP\Library\PackageCache\com.unity.visualscripting@1.7.8\Editor\VisualScripting.Core\Dependencies\DotNetZip\Unity.VisualScripting.IonicZip.dll
Native extension for LinuxStandalone target not found
Native extension for WindowsStandalone target not found
Native extension for iOS target not found
Native extension for Android target not found
Refreshing native plugins compatible for Editor in 0.96 ms, found 3 plugins.
Preloading 0 native plugins for Editor in 0.00 ms.
Mono: successfully reloaded assembly
- Completed reload, in  1.311 seconds
Domain Reload Profiling:
	ReloadAssembly (1312ms)
		BeginReloadAssembly (154ms)
			ExecutionOrderSort (0ms)
			DisableScriptedObjects (6ms)
			BackupInstance (0ms)
			ReleaseScriptingObjects (0ms)
			CreateAndSetChildDomain (43ms)
		EndReloadAssembly (1046ms)
			LoadAssemblies (112ms)
			RebuildTransferFunctionScriptingTraits (0ms)
			SetupTypeCache (274ms)
			ReleaseScriptCaches (2ms)
			RebuildScriptCaches (83ms)
			SetupLoadedEditorAssemblies (486ms)
				LogAssemblyErrors (0ms)
				InitializePlatformSupportModulesInManaged (38ms)
				SetLoadedEditorAssemblies (1ms)
				RefreshPlugins (1ms)
				BeforeProcessingInitializeOnLoad (104ms)
				ProcessInitializeOnLoadAttributes (243ms)
				ProcessInitializeOnLoadMethodAttributes (89ms)
				AfterProcessingInitializeOnLoad (10ms)
				EditorAssembliesLoaded (0ms)
			ExecutionOrderSort2 (0ms)
			AwakeInstancesAfterBackupRestoration (20ms)
Platform modules already initialized, skipping
Refreshing native plugins compatible for Editor in 4.49 ms, found 3 plugins.
Preloading 0 native plugins for Editor in 0.00 ms.
Unloading 5419 Unused Serialized files (Serialized files now loaded: 0)
Unloading 37 unused Assets / (1.7 MB). Loaded Objects now: 6311.
Memory consumption went from 242.5 MB to 240.8 MB.
Total: 6.596500 ms (FindLiveObjects: 1.967400 ms CreateObjectMapping: 0.390800 ms MarkObjects: 3.332700 ms  DeleteObjects: 0.904100 ms)

AssetImportParameters requested are different than current active one (requested -> active):
  custom:video-decoder-ogg-theora: a1e56fd34408186e4bbccfd4996cb3dc -> 
  custom:container-muxer-webm: aa71ff27fc2769a1b78a27578f13a17b -> 
  custom:container-demuxer-webm: 4f35f7cbe854078d1ac9338744f61a02 -> 
  custom:video-encoder-webm-vp8: eb34c28f22e8b96e1ab97ce403110664 -> 
  custom:audio-encoder-webm-vorbis: bf7c407c2cedff20999df2af8eb42d56 -> 
  custom:framework-win-MediaFoundation: 216162199b28c13a410421893ffa2e32 -> 
  custom:container-demuxer-ogg: 62fdf1f143b41e24485cea50d1cbac27 -> 
  custom:video-decoder-webm-vp8: 9c59270c3fd7afecdb556c50c9e8de78 -> 
  custom:audio-decoder-ogg-vorbis: bf7c407c2cedff20999df2af8eb42d56 -> 
========================================================================
Received Prepare
Registering precompiled user dll's ...
Registered in 0.013939 seconds.
Begin MonoManager ReloadAssembly
Symbol file LoadedFromMemory doesn't match image G:\0-YJS\Projects\ShaderURP\ShaderURP\Library\PackageCache\com.unity.visualscripting@1.7.8\Editor\VisualScripting.Core\Dependencies\YamlDotNet\Unity.VisualScripting.YamlDotNet.dll
Symbol file LoadedFromMemory doesn't match image G:\0-YJS\Projects\ShaderURP\ShaderURP\Library\PackageCache\com.unity.visualscripting@1.7.8\Editor\VisualScripting.Core\Dependencies\DotNetZip\Unity.VisualScripting.IonicZip.dll
Native extension for LinuxStandalone target not found
Native extension for WindowsStandalone target not found
Native extension for iOS target not found
Native extension for Android target not found
Refreshing native plugins compatible for Editor in 0.92 ms, found 3 plugins.
Preloading 0 native plugins for Editor in 0.00 ms.
Mono: successfully reloaded assembly
- Completed reload, in  1.317 seconds
Domain Reload Profiling:
	ReloadAssembly (1318ms)
		BeginReloadAssembly (159ms)
			ExecutionOrderSort (0ms)
			DisableScriptedObjects (6ms)
			BackupInstance (0ms)
			ReleaseScriptingObjects (0ms)
			CreateAndSetChildDomain (43ms)
		EndReloadAssembly (1048ms)
			LoadAssemblies (123ms)
			RebuildTransferFunctionScriptingTraits (0ms)
			SetupTypeCache (268ms)
			ReleaseScriptCaches (2ms)
			RebuildScriptCaches (84ms)
			SetupLoadedEditorAssemblies (485ms)
				LogAssemblyErrors (0ms)
				InitializePlatformSupportModulesInManaged (36ms)
				SetLoadedEditorAssemblies (1ms)
				RefreshPlugins (1ms)
				BeforeProcessingInitializeOnLoad (100ms)
				ProcessInitializeOnLoadAttributes (246ms)
				ProcessInitializeOnLoadMethodAttributes (90ms)
				AfterProcessingInitializeOnLoad (11ms)
				EditorAssembliesLoaded (0ms)
			ExecutionOrderSort2 (0ms)
			AwakeInstancesAfterBackupRestoration (20ms)
Platform modules already initialized, skipping
Refreshing native plugins compatible for Editor in 2.82 ms, found 3 plugins.
Preloading 0 native plugins for Editor in 0.00 ms.
Unloading 5419 Unused Serialized files (Serialized files now loaded: 0)
Unloading 37 unused Assets / (1.7 MB). Loaded Objects now: 6314.
Memory consumption went from 242.5 MB to 240.8 MB.
Total: 4.349800 ms (FindLiveObjects: 0.693700 ms CreateObjectMapping: 0.202500 ms MarkObjects: 2.754400 ms  DeleteObjects: 0.698000 ms)

AssetImportParameters requested are different than current active one (requested -> active):
  custom:video-decoder-ogg-theora: a1e56fd34408186e4bbccfd4996cb3dc -> 
  custom:container-muxer-webm: aa71ff27fc2769a1b78a27578f13a17b -> 
  custom:container-demuxer-webm: 4f35f7cbe854078d1ac9338744f61a02 -> 
  custom:video-encoder-webm-vp8: eb34c28f22e8b96e1ab97ce403110664 -> 
  custom:audio-encoder-webm-vorbis: bf7c407c2cedff20999df2af8eb42d56 -> 
  custom:framework-win-MediaFoundation: 216162199b28c13a410421893ffa2e32 -> 
  custom:container-demuxer-ogg: 62fdf1f143b41e24485cea50d1cbac27 -> 
  custom:video-decoder-webm-vp8: 9c59270c3fd7afecdb556c50c9e8de78 -> 
  custom:audio-decoder-ogg-vorbis: bf7c407c2cedff20999df2af8eb42d56 -> 
========================================================================
Received Import Request.
  Time since last request: 445.852936 seconds.
  path: Assets/Example/Tanslucent/Tanslucent.shader
  artifactKey: Guid(5276083f613400041906195dda7c5fe1) Importer(815301076,1909f56bfc062723c751e8b465ee728b)
Start importing Assets/Example/Tanslucent/Tanslucent.shader using Guid(5276083f613400041906195dda7c5fe1) Importer(815301076,1909f56bfc062723c751e8b465ee728b)  -> (artifact id: '88b7fb070164a672d7613bf3a52b5d06') in 0.037582 seconds 
========================================================================
Received Prepare
Registering precompiled user dll's ...
Registered in 0.012903 seconds.
Begin MonoManager ReloadAssembly
Symbol file LoadedFromMemory doesn't match image G:\0-YJS\Projects\ShaderURP\ShaderURP\Library\PackageCache\com.unity.visualscripting@1.7.8\Editor\VisualScripting.Core\Dependencies\YamlDotNet\Unity.VisualScripting.YamlDotNet.dll
Symbol file LoadedFromMemory doesn't match image G:\0-YJS\Projects\ShaderURP\ShaderURP\Library\PackageCache\com.unity.visualscripting@1.7.8\Editor\VisualScripting.Core\Dependencies\DotNetZip\Unity.VisualScripting.IonicZip.dll
Native extension for LinuxStandalone target not found
Native extension for WindowsStandalone target not found
Native extension for iOS target not found
Native extension for Android target not found
Refreshing native plugins compatible for Editor in 1.03 ms, found 3 plugins.
Preloading 0 native plugins for Editor in 0.00 ms.
Mono: successfully reloaded assembly
- Completed reload, in  1.401 seconds
Domain Reload Profiling:
	ReloadAssembly (1402ms)
		BeginReloadAssembly (162ms)
			ExecutionOrderSort (0ms)
			DisableScriptedObjects (7ms)
			BackupInstance (0ms)
			ReleaseScriptingObjects (0ms)
			CreateAndSetChildDomain (43ms)
		EndReloadAssembly (1126ms)
			LoadAssemblies (118ms)
			RebuildTransferFunctionScriptingTraits (0ms)
			SetupTypeCache (281ms)
			ReleaseScriptCaches (2ms)
			RebuildScriptCaches (88ms)
			SetupLoadedEditorAssemblies (538ms)
				LogAssemblyErrors (0ms)
				InitializePlatformSupportModulesInManaged (39ms)
				SetLoadedEditorAssemblies (1ms)
				RefreshPlugins (1ms)
				BeforeProcessingInitializeOnLoad (109ms)
				ProcessInitializeOnLoadAttributes (275ms)
				ProcessInitializeOnLoadMethodAttributes (101ms)
				AfterProcessingInitializeOnLoad (11ms)
				EditorAssembliesLoaded (0ms)
			ExecutionOrderSort2 (0ms)
			AwakeInstancesAfterBackupRestoration (23ms)
Platform modules already initialized, skipping
Refreshing native plugins compatible for Editor in 2.81 ms, found 3 plugins.
Preloading 0 native plugins for Editor in 0.00 ms.
Unloading 5419 Unused Serialized files (Serialized files now loaded: 0)
Unloading 37 unused Assets / (1.7 MB). Loaded Objects now: 6317.
Memory consumption went from 242.5 MB to 240.8 MB.
Total: 4.230500 ms (FindLiveObjects: 0.680100 ms CreateObjectMapping: 0.218000 ms MarkObjects: 2.658600 ms  DeleteObjects: 0.672900 ms)

AssetImportParameters requested are different than current active one (requested -> active):
  custom:video-decoder-ogg-theora: a1e56fd34408186e4bbccfd4996cb3dc -> 
  custom:container-muxer-webm: aa71ff27fc2769a1b78a27578f13a17b -> 
  custom:container-demuxer-webm: 4f35f7cbe854078d1ac9338744f61a02 -> 
  custom:video-encoder-webm-vp8: eb34c28f22e8b96e1ab97ce403110664 -> 
  custom:audio-encoder-webm-vorbis: bf7c407c2cedff20999df2af8eb42d56 -> 
  custom:framework-win-MediaFoundation: 216162199b28c13a410421893ffa2e32 -> 
  custom:container-demuxer-ogg: 62fdf1f143b41e24485cea50d1cbac27 -> 
  custom:video-decoder-webm-vp8: 9c59270c3fd7afecdb556c50c9e8de78 -> 
  custom:audio-decoder-ogg-vorbis: bf7c407c2cedff20999df2af8eb42d56 -> 
========================================================================
Received Import Request.
  Time since last request: 25.314003 seconds.
  path: Assets/Shader/Unlit/Graph.mat
  artifactKey: Guid(885f6e333f0cbf041b1a5f8e75d072a9) Importer(815301076,1909f56bfc062723c751e8b465ee728b)
Start importing Assets/Shader/Unlit/Graph.mat using Guid(885f6e333f0cbf041b1a5f8e75d072a9) Importer(815301076,1909f56bfc062723c751e8b465ee728b)  -> (artifact id: '9572c17b5b887ad5f9473eee9433b828') in 0.250560 seconds 
========================================================================
Received Import Request.
  Time since last request: 2483.598089 seconds.
  path: Assets/Example/Cartoon/Cartoon.cs
  artifactKey: Guid(dab9854318501c147ad6b1877d79a148) Importer(815301076,1909f56bfc062723c751e8b465ee728b)
Start importing Assets/Example/Cartoon/Cartoon.cs using Guid(dab9854318501c147ad6b1877d79a148) Importer(815301076,1909f56bfc062723c751e8b465ee728b)  -> (artifact id: '4f54fb2578c803622d15ed07e02d550d') in 0.001400 seconds 
========================================================================
Received Import Request.
  Time since last request: 2.152702 seconds.
  path: Assets/Example/Cartoon/Cartoon.shader
  artifactKey: Guid(33f83d5b685865542969d6ec80eaa3ed) Importer(815301076,1909f56bfc062723c751e8b465ee728b)
Start importing Assets/Example/Cartoon/Cartoon.shader using Guid(33f83d5b685865542969d6ec80eaa3ed) Importer(815301076,1909f56bfc062723c751e8b465ee728b)  -> (artifact id: 'f121807c51d6832993939c22f04c4b25') in 0.001932 seconds 
========================================================================
Received Import Request.
  Time since last request: 7.342525 seconds.
  path: Assets/Example/Cartoon/莎莉/mat/Bag.mat
  artifactKey: Guid(60420cf5e976ea64d964f490db515e9a) Importer(815301076,1909f56bfc062723c751e8b465ee728b)
Start importing Assets/Example/Cartoon/莎莉/mat/Bag.mat using Guid(60420cf5e976ea64d964f490db515e9a) Importer(815301076,1909f56bfc062723c751e8b465ee728b)  -> (artifact id: '0edaac6a4ff96cff0f98fe99d1f9d69e') in 0.214260 seconds 
========================================================================
Received Import Request.
  Time since last request: 0.000025 seconds.
  path: Assets/Example/Cartoon/莎莉/mat/Hair.mat
  artifactKey: Guid(883a61a1eb9a7ff4dadc1aecede86bf6) Importer(815301076,1909f56bfc062723c751e8b465ee728b)
Start importing Assets/Example/Cartoon/莎莉/mat/Hair.mat using Guid(883a61a1eb9a7ff4dadc1aecede86bf6) Importer(815301076,1909f56bfc062723c751e8b465ee728b)  -> (artifact id: '7e1a65264ba2021eea832a68d24a1e35') in 0.087632 seconds 
========================================================================
Received Import Request.
  Time since last request: 0.000064 seconds.
  path: Assets/Example/Cartoon/莎莉/mat/Face.mat
  artifactKey: Guid(a06d87359ffde1348a2374e8e56fdeb9) Importer(815301076,1909f56bfc062723c751e8b465ee728b)
Start importing Assets/Example/Cartoon/莎莉/mat/Face.mat using Guid(a06d87359ffde1348a2374e8e56fdeb9) Importer(815301076,1909f56bfc062723c751e8b465ee728b)  -> (artifact id: '40c7d0c9e5cf4ee7cf251a8802a3da81') in 0.111048 seconds 
========================================================================
Received Import Request.
  Time since last request: 102.011632 seconds.
  path: Assets/Example/Cartoon/莎莉/mat/Bag.mat
  artifactKey: Guid(60420cf5e976ea64d964f490db515e9a) Importer(815301076,1909f56bfc062723c751e8b465ee728b)
Start importing Assets/Example/Cartoon/莎莉/mat/Bag.mat using Guid(60420cf5e976ea64d964f490db515e9a) Importer(815301076,1909f56bfc062723c751e8b465ee728b)  -> (artifact id: '96219f8bcf14b9b297486242f352d289') in 0.021250 seconds 
========================================================================
Received Import Request.
  Time since last request: 0.000039 seconds.
  path: Assets/Example/Cartoon/莎莉/mat/Hair.mat
  artifactKey: Guid(883a61a1eb9a7ff4dadc1aecede86bf6) Importer(815301076,1909f56bfc062723c751e8b465ee728b)
Start importing Assets/Example/Cartoon/莎莉/mat/Hair.mat using Guid(883a61a1eb9a7ff4dadc1aecede86bf6) Importer(815301076,1909f56bfc062723c751e8b465ee728b)  -> (artifact id: 'fcfc30dca3945fcffe28d8d47f9f9f14') in 0.020448 seconds 
========================================================================
Received Import Request.
  Time since last request: 5.370318 seconds.
  path: Assets/Example/Cartoon/莎莉/mat/Bag.mat
  artifactKey: Guid(60420cf5e976ea64d964f490db515e9a) Importer(815301076,1909f56bfc062723c751e8b465ee728b)
Start importing Assets/Example/Cartoon/莎莉/mat/Bag.mat using Guid(60420cf5e976ea64d964f490db515e9a) Importer(815301076,1909f56bfc062723c751e8b465ee728b)  -> (artifact id: '3e855e08de408bd65989269020d4da65') in 0.026282 seconds 
========================================================================
Received Import Request.
  Time since last request: 0.000030 seconds.
  path: Assets/Example/Cartoon/莎莉/mat/Hair.mat
  artifactKey: Guid(883a61a1eb9a7ff4dadc1aecede86bf6) Importer(815301076,1909f56bfc062723c751e8b465ee728b)
Start importing Assets/Example/Cartoon/莎莉/mat/Hair.mat using Guid(883a61a1eb9a7ff4dadc1aecede86bf6) Importer(815301076,1909f56bfc062723c751e8b465ee728b)  -> (artifact id: '2e907e3d4d08bfa3825e97e07032cee5') in 0.021196 seconds 
========================================================================
Received Import Request.
  Time since last request: 40.332267 seconds.
  path: Assets/Example/Cartoon/莎莉/mat/Bag.mat
  artifactKey: Guid(60420cf5e976ea64d964f490db515e9a) Importer(815301076,1909f56bfc062723c751e8b465ee728b)
Start importing Assets/Example/Cartoon/莎莉/mat/Bag.mat using Guid(60420cf5e976ea64d964f490db515e9a) Importer(815301076,1909f56bfc062723c751e8b465ee728b)  -> (artifact id: '94ec735dd12899be0c5247de05a2ee99') in 0.024362 seconds 
========================================================================
Received Import Request.
  Time since last request: 0.000036 seconds.
  path: Assets/Example/Cartoon/莎莉/mat/Face.mat
  artifactKey: Guid(a06d87359ffde1348a2374e8e56fdeb9) Importer(815301076,1909f56bfc062723c751e8b465ee728b)
Start importing Assets/Example/Cartoon/莎莉/mat/Face.mat using Guid(a06d87359ffde1348a2374e8e56fdeb9) Importer(815301076,1909f56bfc062723c751e8b465ee728b)  -> (artifact id: '6eb724096f74fb8b85b1392c88845ba9') in 0.025865 seconds 
========================================================================
Received Import Request.
  Time since last request: 47.606160 seconds.
  path: Assets/Example/Cartoon/莎莉/mat/Bag.mat
  artifactKey: Guid(60420cf5e976ea64d964f490db515e9a) Importer(815301076,1909f56bfc062723c751e8b465ee728b)
Start importing Assets/Example/Cartoon/莎莉/mat/Bag.mat using Guid(60420cf5e976ea64d964f490db515e9a) Importer(815301076,1909f56bfc062723c751e8b465ee728b)  -> (artifact id: 'a3ddabbae0e65bd8f74b29257864111e') in 0.017187 seconds 
========================================================================
Received Import Request.
  Time since last request: 0.000025 seconds.
  path: Assets/Example/Cartoon/莎莉/mat/Face.mat
  artifactKey: Guid(a06d87359ffde1348a2374e8e56fdeb9) Importer(815301076,1909f56bfc062723c751e8b465ee728b)
Start importing Assets/Example/Cartoon/莎莉/mat/Face.mat using Guid(a06d87359ffde1348a2374e8e56fdeb9) Importer(815301076,1909f56bfc062723c751e8b465ee728b)  -> (artifact id: '8b812e7f2a7510a0ac2df87da0ffddaa') in 0.030815 seconds 
========================================================================
Received Import Request.
  Time since last request: 37.025392 seconds.
  path: Assets/Example/Cartoon/莎莉/mat/Bag.mat
  artifactKey: Guid(60420cf5e976ea64d964f490db515e9a) Importer(815301076,1909f56bfc062723c751e8b465ee728b)
Start importing Assets/Example/Cartoon/莎莉/mat/Bag.mat using Guid(60420cf5e976ea64d964f490db515e9a) Importer(815301076,1909f56bfc062723c751e8b465ee728b)  -> (artifact id: '9dcdede976b20204176a76e85ffe4fa8') in 0.031422 seconds 
========================================================================
Received Import Request.
  Time since last request: 51.681748 seconds.
  path: Assets/Example/Cartoon/莎莉/mat/Bag.mat
  artifactKey: Guid(60420cf5e976ea64d964f490db515e9a) Importer(815301076,1909f56bfc062723c751e8b465ee728b)
Start importing Assets/Example/Cartoon/莎莉/mat/Bag.mat using Guid(60420cf5e976ea64d964f490db515e9a) Importer(815301076,1909f56bfc062723c751e8b465ee728b)  -> (artifact id: '438ef5dd4a8aa1fa791fba86a058f724') in 0.024150 seconds 
========================================================================
Received Import Request.
  Time since last request: 104.268689 seconds.
  path: Assets/Example/Cartoon/莎莉/mat/Bag.mat
  artifactKey: Guid(60420cf5e976ea64d964f490db515e9a) Importer(815301076,1909f56bfc062723c751e8b465ee728b)
Start importing Assets/Example/Cartoon/莎莉/mat/Bag.mat using Guid(60420cf5e976ea64d964f490db515e9a) Importer(815301076,1909f56bfc062723c751e8b465ee728b)  -> (artifact id: 'b2792f02ab9d970718475ad896e76b72') in 0.023906 seconds 
