Using pre-set license
Built from '2021.3/china_unity/release' branch; Version is '2021.3.10f1c2 (5a059dbcdda5) revision 5899677'; Using compiler version '192829333'; Build Type 'Release'
OS: 'Windows 10  (10.0.19045) 64bit CoreCountrySpecific' Language: 'zh' Physical Memory: 24389 MB
BatchMode: 1, IsHumanControllingUs: 0, StartBugReporterOnCrash: 0, Is64bit: 1, IsPro: 1

COMMAND LINE ARGUMENTS:
D:\Program Files\Unity\2021.3.10f1c2\Editor\Unity.exe
-adb2
-batchMode
-noUpm
-name
AssetImportWorker2
-projectPath
G:/0-YJS/Projects/ShaderURP/ShaderURP
-logFile
Logs/AssetImportWorker2.log
-srvPort
1075
Successfully changed project path to: G:/0-YJS/Projects/ShaderURP/ShaderURP
G:/0-YJS/Projects/ShaderURP/ShaderURP
[UnityMemory] Configuration Parameters - Can be set up in boot.config
    "memorysetup-bucket-allocator-granularity=16"
    "memorysetup-bucket-allocator-bucket-count=8"
    "memorysetup-bucket-allocator-block-size=33554432"
    "memorysetup-bucket-allocator-block-count=8"
    "memorysetup-main-allocator-block-size=16777216"
    "memorysetup-thread-allocator-block-size=16777216"
    "memorysetup-gfx-main-allocator-block-size=16777216"
    "memorysetup-gfx-thread-allocator-block-size=16777216"
    "memorysetup-cache-allocator-block-size=4194304"
    "memorysetup-typetree-allocator-block-size=2097152"
    "memorysetup-profiler-bucket-allocator-granularity=16"
    "memorysetup-profiler-bucket-allocator-bucket-count=8"
    "memorysetup-profiler-bucket-allocator-block-size=33554432"
    "memorysetup-profiler-bucket-allocator-block-count=8"
    "memorysetup-profiler-allocator-block-size=16777216"
    "memorysetup-profiler-editor-allocator-block-size=1048576"
    "memorysetup-temp-allocator-size-main=16777216"
    "memorysetup-job-temp-allocator-block-size=2097152"
    "memorysetup-job-temp-allocator-block-size-background=1048576"
    "memorysetup-job-temp-allocator-reduction-small-platforms=262144"
    "memorysetup-temp-allocator-size-background-worker=32768"
    "memorysetup-temp-allocator-size-job-worker=262144"
    "memorysetup-temp-allocator-size-preload-manager=33554432"
    "memorysetup-temp-allocator-size-nav-mesh-worker=65536"
    "memorysetup-temp-allocator-size-audio-worker=65536"
    "memorysetup-temp-allocator-size-cloud-worker=32768"
    "memorysetup-temp-allocator-size-gi-baking-worker=262144"
    "memorysetup-temp-allocator-size-gfx=262144"
AS: AutoStreaming module initializing.
Refreshing native plugins compatible for Editor in 130.49 ms, found 3 plugins.
Preloading 0 native plugins for Editor in 0.00 ms.
Initialize engine version: 2021.3.10f1c2 (5a059dbcdda5)
[Subsystems] Discovering subsystems at path D:/Program Files/Unity/2021.3.10f1c2/Editor/Data/Resources/UnitySubsystems
[Subsystems] Discovering subsystems at path G:/0-YJS/Projects/ShaderURP/ShaderURP/Assets
GfxDevice: creating device client; threaded=0; jobified=0
Direct3D:
    Version:  Direct3D 11.0 [level 11.1]
    Renderer: NVIDIA GeForce RTX 2060 (ID=0x1f03)
    Vendor:   NVIDIA
    VRAM:     12061 MB
    Driver:   31.0.15.5123
Initialize mono
Mono path[0] = 'D:/Program Files/Unity/2021.3.10f1c2/Editor/Data/Managed'
Mono path[1] = 'D:/Program Files/Unity/2021.3.10f1c2/Editor/Data/MonoBleedingEdge/lib/mono/unityjit-win32'
Mono config path = 'D:/Program Files/Unity/2021.3.10f1c2/Editor/Data/MonoBleedingEdge/etc'
Using monoOptions --debugger-agent=transport=dt_socket,embedding=1,server=y,suspend=n,address=127.0.0.1:56040
Begin MonoManager ReloadAssembly
Registering precompiled unity dll's ...
Register platform support module: D:/Program Files/Unity/2021.3.10f1c2/Editor/Data/PlaybackEngines/AndroidPlayer/UnityEditor.Android.Extensions.dll
Register platform support module: D:/Program Files/Unity/2021.3.10f1c2/Editor/Data/PlaybackEngines/iOSSupport/UnityEditor.iOS.Extensions.dll
Register platform support module: D:/Program Files/Unity/2021.3.10f1c2/Editor/Data/PlaybackEngines/WindowsStandaloneSupport/UnityEditor.WindowsStandalone.Extensions.dll
Register platform support module: D:/Program Files/Unity/2021.3.10f1c2/Editor/Data/PlaybackEngines/LinuxStandaloneSupport/UnityEditor.LinuxStandalone.Extensions.dll
Registered in 0.006635 seconds.
Native extension for LinuxStandalone target not found
Native extension for WindowsStandalone target not found
[usbmuxd] Start listen thread
[usbmuxd] Listen thread started
Native extension for iOS target not found
Native extension for Android target not found
Refreshing native plugins compatible for Editor in 130.50 ms, found 3 plugins.
Preloading 0 native plugins for Editor in 0.00 ms.
Mono: successfully reloaded assembly
- Completed reload, in  0.734 seconds
Domain Reload Profiling:
	ReloadAssembly (734ms)
		BeginReloadAssembly (80ms)
			ExecutionOrderSort (0ms)
			DisableScriptedObjects (0ms)
			BackupInstance (0ms)
			ReleaseScriptingObjects (0ms)
			CreateAndSetChildDomain (1ms)
		EndReloadAssembly (540ms)
			LoadAssemblies (77ms)
			RebuildTransferFunctionScriptingTraits (0ms)
			SetupTypeCache (104ms)
			ReleaseScriptCaches (0ms)
			RebuildScriptCaches (31ms)
			SetupLoadedEditorAssemblies (349ms)
				LogAssemblyErrors (0ms)
				InitializePlatformSupportModulesInManaged (68ms)
				SetLoadedEditorAssemblies (0ms)
				RefreshPlugins (131ms)
				BeforeProcessingInitializeOnLoad (2ms)
				ProcessInitializeOnLoadAttributes (102ms)
				ProcessInitializeOnLoadMethodAttributes (47ms)
				AfterProcessingInitializeOnLoad (0ms)
				EditorAssembliesLoaded (0ms)
			ExecutionOrderSort2 (0ms)
			AwakeInstancesAfterBackupRestoration (0ms)
Platform modules already initialized, skipping
Registering precompiled user dll's ...
Registered in 0.012478 seconds.
Begin MonoManager ReloadAssembly
Symbol file LoadedFromMemory doesn't match image G:\0-YJS\Projects\ShaderURP\ShaderURP\Library\PackageCache\com.unity.visualscripting@1.7.8\Editor\VisualScripting.Core\Dependencies\YamlDotNet\Unity.VisualScripting.YamlDotNet.dll
Symbol file LoadedFromMemory doesn't match image G:\0-YJS\Projects\ShaderURP\ShaderURP\Library\PackageCache\com.unity.visualscripting@1.7.8\Editor\VisualScripting.Core\Dependencies\DotNetZip\Unity.VisualScripting.IonicZip.dll
Native extension for LinuxStandalone target not found
Native extension for WindowsStandalone target not found
Native extension for iOS target not found
Native extension for Android target not found
Refreshing native plugins compatible for Editor in 134.08 ms, found 3 plugins.
Preloading 0 native plugins for Editor in 0.00 ms.
Mono: successfully reloaded assembly
- Completed reload, in  1.530 seconds
Domain Reload Profiling:
	ReloadAssembly (1531ms)
		BeginReloadAssembly (207ms)
			ExecutionOrderSort (0ms)
			DisableScriptedObjects (6ms)
			BackupInstance (0ms)
			ReleaseScriptingObjects (0ms)
			CreateAndSetChildDomain (128ms)
		EndReloadAssembly (1202ms)
			LoadAssemblies (84ms)
			RebuildTransferFunctionScriptingTraits (0ms)
			SetupTypeCache (279ms)
			ReleaseScriptCaches (1ms)
			RebuildScriptCaches (98ms)
			SetupLoadedEditorAssemblies (668ms)
				LogAssemblyErrors (0ms)
				InitializePlatformSupportModulesInManaged (25ms)
				SetLoadedEditorAssemblies (0ms)
				RefreshPlugins (134ms)
				BeforeProcessingInitializeOnLoad (130ms)
				ProcessInitializeOnLoadAttributes (278ms)
				ProcessInitializeOnLoadMethodAttributes (90ms)
				AfterProcessingInitializeOnLoad (11ms)
				EditorAssembliesLoaded (0ms)
			ExecutionOrderSort2 (0ms)
			AwakeInstancesAfterBackupRestoration (7ms)
Platform modules already initialized, skipping
========================================================================
Worker process is ready to serve import requests
Launched and connected shader compiler UnityShaderCompiler.exe after 0.03 seconds
Refreshing native plugins compatible for Editor in 1.01 ms, found 3 plugins.
Preloading 0 native plugins for Editor in 0.00 ms.
Unloading 5756 Unused Serialized files (Serialized files now loaded: 0)
Unloading 44 unused Assets / (1.7 MB). Loaded Objects now: 6205.
Memory consumption went from 265.6 MB to 263.8 MB.
Total: 4.408500 ms (FindLiveObjects: 0.730000 ms CreateObjectMapping: 0.209400 ms MarkObjects: 2.890900 ms  DeleteObjects: 0.577100 ms)

AssetImportParameters requested are different than current active one (requested -> active):
  custom:video-decoder-ogg-theora: a1e56fd34408186e4bbccfd4996cb3dc -> 
  custom:container-muxer-webm: aa71ff27fc2769a1b78a27578f13a17b -> 
  custom:container-demuxer-webm: 4f35f7cbe854078d1ac9338744f61a02 -> 
  custom:video-encoder-webm-vp8: eb34c28f22e8b96e1ab97ce403110664 -> 
  custom:audio-encoder-webm-vorbis: bf7c407c2cedff20999df2af8eb42d56 -> 
  custom:framework-win-MediaFoundation: 216162199b28c13a410421893ffa2e32 -> 
  custom:container-demuxer-ogg: 62fdf1f143b41e24485cea50d1cbac27 -> 
  custom:video-decoder-webm-vp8: 9c59270c3fd7afecdb556c50c9e8de78 -> 
  custom:audio-decoder-ogg-vorbis: bf7c407c2cedff20999df2af8eb42d56 -> 
========================================================================
Received Import Request.
  Time since last request: 10381.870544 seconds.
  path: Assets/AmplifyShaderEditor/Plugins/EditorResources/Templates/Legacy/MultiPassUnlit.shader
  artifactKey: Guid(e1de45c0d41f68c41b2cc20c8b9c05ef) Importer(815301076,1909f56bfc062723c751e8b465ee728b)
Start importing Assets/AmplifyShaderEditor/Plugins/EditorResources/Templates/Legacy/MultiPassUnlit.shader using Guid(e1de45c0d41f68c41b2cc20c8b9c05ef) Importer(815301076,1909f56bfc062723c751e8b465ee728b)  -> (artifact id: 'c111ff69c7eaf9251c4cd6ed86a9ac41') in 0.038646 seconds 
========================================================================
Received Import Request.
  Time since last request: 0.745928 seconds.
  path: Assets/AmplifyShaderEditor/Plugins/EditorResources/Templates/Legacy/Unlit.shader
  artifactKey: Guid(0770190933193b94aaa3065e307002fa) Importer(815301076,1909f56bfc062723c751e8b465ee728b)
Start importing Assets/AmplifyShaderEditor/Plugins/EditorResources/Templates/Legacy/Unlit.shader using Guid(0770190933193b94aaa3065e307002fa) Importer(815301076,1909f56bfc062723c751e8b465ee728b)  -> (artifact id: '6869242f016adc1ba57809f2f9163ea4') in 0.026718 seconds 
========================================================================
Received Import Request.
  Time since last request: 0.893509 seconds.
  path: Assets/AmplifyShaderEditor/Plugins/EditorResources/Templates/Universal/Unlit.shader
  artifactKey: Guid(2992e84f91cbeb14eab234972e07ea9d) Importer(815301076,1909f56bfc062723c751e8b465ee728b)
Start importing Assets/AmplifyShaderEditor/Plugins/EditorResources/Templates/Universal/Unlit.shader using Guid(2992e84f91cbeb14eab234972e07ea9d) Importer(815301076,1909f56bfc062723c751e8b465ee728b)  -> (artifact id: '1a8ababdbca9df7af210d0fccde04f96') in 0.002132 seconds 
========================================================================
Received Import Request.
  Time since last request: 0.410878 seconds.
  path: Assets/AmplifyShaderEditor/Plugins/EditorResources/Shaders/Unlit-ColoredAlpha.shader
  artifactKey: Guid(50fc796413bac8b40aff70fb5a886273) Importer(815301076,1909f56bfc062723c751e8b465ee728b)
Start importing Assets/AmplifyShaderEditor/Plugins/EditorResources/Shaders/Unlit-ColoredAlpha.shader using Guid(50fc796413bac8b40aff70fb5a886273) Importer(815301076,1909f56bfc062723c751e8b465ee728b)  -> (artifact id: '4aad7e46ec164ed7011adb95b1787439') in 0.002071 seconds 
========================================================================
Received Import Request.
  Time since last request: 0.842312 seconds.
  path: Assets/AmplifyShaderEditor/Plugins/EditorResources/Templates/Legacy/UnlitLightmap.shader
  artifactKey: Guid(899e609c083c74c4ca567477c39edef0) Importer(815301076,1909f56bfc062723c751e8b465ee728b)
Start importing Assets/AmplifyShaderEditor/Plugins/EditorResources/Templates/Legacy/UnlitLightmap.shader using Guid(899e609c083c74c4ca567477c39edef0) Importer(815301076,1909f56bfc062723c751e8b465ee728b)  -> (artifact id: '6a931eda15ecd4ff40897f2aa249fef4') in 0.012660 seconds 
========================================================================
Received Import Request.
  Time since last request: 10.599658 seconds.
  path: Assets/Example/Light/SampleLight.shader
  artifactKey: Guid(e9db4445add3fa54eaddda67d6f8b7cf) Importer(815301076,1909f56bfc062723c751e8b465ee728b)
Start importing Assets/Example/Light/SampleLight.shader using Guid(e9db4445add3fa54eaddda67d6f8b7cf) Importer(815301076,1909f56bfc062723c751e8b465ee728b)  -> (artifact id: '110bbdfb64c7159c15ed1616997328a9') in 0.002366 seconds 
========================================================================
Received Import Request.
  Time since last request: 3490.080350 seconds.
  path: Assets/Example/Cartoon/莎莉/mat/Bag.mat
  artifactKey: Guid(60420cf5e976ea64d964f490db515e9a) Importer(815301076,1909f56bfc062723c751e8b465ee728b)
Start importing Assets/Example/Cartoon/莎莉/mat/Bag.mat using Guid(60420cf5e976ea64d964f490db515e9a) Importer(815301076,1909f56bfc062723c751e8b465ee728b)  -> (artifact id: '0de971599a2f35282a95db9c148e87d6') in 0.256098 seconds 
========================================================================
Received Import Request.
  Time since last request: 20.264364 seconds.
  path: Assets/Example/Cartoon/莎莉/mat/Test.shader
  artifactKey: Guid(c2e3eaa66296358478ab1351204795d9) Importer(815301076,1909f56bfc062723c751e8b465ee728b)
Start importing Assets/Example/Cartoon/莎莉/mat/Test.shader using Guid(c2e3eaa66296358478ab1351204795d9) Importer(815301076,1909f56bfc062723c751e8b465ee728b)  -> (artifact id: '3dca9733a74a7441ec150af1b9813cd0') in 0.002918 seconds 
========================================================================
Received Import Request.
  Time since last request: 153.073788 seconds.
  path: Assets/Example/Cartoon/莎莉/mat/Test.shader
  artifactKey: Guid(c2e3eaa66296358478ab1351204795d9) Importer(815301076,1909f56bfc062723c751e8b465ee728b)
Start importing Assets/Example/Cartoon/莎莉/mat/Test.shader using Guid(c2e3eaa66296358478ab1351204795d9) Importer(815301076,1909f56bfc062723c751e8b465ee728b)  -> (artifact id: '172dfac6d46931c79dca4f934059454f') in 0.002701 seconds 
========================================================================
Received Import Request.
  Time since last request: 4.848232 seconds.
  path: Assets/Example/Cartoon/莎莉/mat/MyURP_Test.mat
  artifactKey: Guid(404e15839f213a041adae0467b345046) Importer(815301076,1909f56bfc062723c751e8b465ee728b)
Start importing Assets/Example/Cartoon/莎莉/mat/MyURP_Test.mat using Guid(404e15839f213a041adae0467b345046) Importer(815301076,1909f56bfc062723c751e8b465ee728b)  -> (artifact id: '061f5d74129dc8cd69067acc17dbc4da') in 0.175624 seconds 
========================================================================
Received Import Request.
  Time since last request: 206.977939 seconds.
  path: Assets/Example/Cartoon/莎莉/mat/MyURP_Test.mat
  artifactKey: Guid(404e15839f213a041adae0467b345046) Importer(815301076,1909f56bfc062723c751e8b465ee728b)
Start importing Assets/Example/Cartoon/莎莉/mat/MyURP_Test.mat using Guid(404e15839f213a041adae0467b345046) Importer(815301076,1909f56bfc062723c751e8b465ee728b)  -> (artifact id: 'd7a90cafbf5d08b3928c9c5df4dcfefa') in 0.162983 seconds 
========================================================================
Received Prepare
Registering precompiled user dll's ...
Registered in 0.014018 seconds.
Begin MonoManager ReloadAssembly
Symbol file LoadedFromMemory doesn't match image G:\0-YJS\Projects\ShaderURP\ShaderURP\Library\PackageCache\com.unity.visualscripting@1.7.8\Editor\VisualScripting.Core\Dependencies\YamlDotNet\Unity.VisualScripting.YamlDotNet.dll
Symbol file LoadedFromMemory doesn't match image G:\0-YJS\Projects\ShaderURP\ShaderURP\Library\PackageCache\com.unity.visualscripting@1.7.8\Editor\VisualScripting.Core\Dependencies\DotNetZip\Unity.VisualScripting.IonicZip.dll
Native extension for LinuxStandalone target not found
Native extension for WindowsStandalone target not found
Native extension for iOS target not found
Native extension for Android target not found
Refreshing native plugins compatible for Editor in 0.87 ms, found 3 plugins.
Preloading 0 native plugins for Editor in 0.00 ms.
Mono: successfully reloaded assembly
- Completed reload, in  1.307 seconds
Domain Reload Profiling:
	ReloadAssembly (1308ms)
		BeginReloadAssembly (159ms)
			ExecutionOrderSort (0ms)
			DisableScriptedObjects (8ms)
			BackupInstance (0ms)
			ReleaseScriptingObjects (0ms)
			CreateAndSetChildDomain (42ms)
		EndReloadAssembly (1040ms)
			LoadAssemblies (115ms)
			RebuildTransferFunctionScriptingTraits (0ms)
			SetupTypeCache (274ms)
			ReleaseScriptCaches (2ms)
			RebuildScriptCaches (82ms)
			SetupLoadedEditorAssemblies (482ms)
				LogAssemblyErrors (0ms)
				InitializePlatformSupportModulesInManaged (36ms)
				SetLoadedEditorAssemblies (1ms)
				RefreshPlugins (1ms)
				BeforeProcessingInitializeOnLoad (102ms)
				ProcessInitializeOnLoadAttributes (241ms)
				ProcessInitializeOnLoadMethodAttributes (91ms)
				AfterProcessingInitializeOnLoad (9ms)
				EditorAssembliesLoaded (0ms)
			ExecutionOrderSort2 (0ms)
			AwakeInstancesAfterBackupRestoration (18ms)
Platform modules already initialized, skipping
Refreshing native plugins compatible for Editor in 2.83 ms, found 3 plugins.
Preloading 0 native plugins for Editor in 0.00 ms.
Unloading 5419 Unused Serialized files (Serialized files now loaded: 0)
Unloading 37 unused Assets / (1.7 MB). Loaded Objects now: 6298.
Memory consumption went from 241.8 MB to 240.1 MB.
Total: 4.160700 ms (FindLiveObjects: 0.680500 ms CreateObjectMapping: 0.200700 ms MarkObjects: 2.698300 ms  DeleteObjects: 0.579800 ms)

AssetImportParameters requested are different than current active one (requested -> active):
  custom:video-decoder-ogg-theora: a1e56fd34408186e4bbccfd4996cb3dc -> 
  custom:container-muxer-webm: aa71ff27fc2769a1b78a27578f13a17b -> 
  custom:container-demuxer-webm: 4f35f7cbe854078d1ac9338744f61a02 -> 
  custom:video-encoder-webm-vp8: eb34c28f22e8b96e1ab97ce403110664 -> 
  custom:audio-encoder-webm-vorbis: bf7c407c2cedff20999df2af8eb42d56 -> 
  custom:framework-win-MediaFoundation: 216162199b28c13a410421893ffa2e32 -> 
  custom:container-demuxer-ogg: 62fdf1f143b41e24485cea50d1cbac27 -> 
  custom:video-decoder-webm-vp8: 9c59270c3fd7afecdb556c50c9e8de78 -> 
  custom:audio-decoder-ogg-vorbis: bf7c407c2cedff20999df2af8eb42d56 -> 
